
> my-v0-project@0.1.0 build
> next build

Attention: Next.js now collects completely anonymous telemetry regarding usage.
This information is used to shape Next.js' roadmap and prioritize features.
You can learn more, including how to opt-out if you'd not like to participate in this anonymous program, by visiting the following URL:
https://nextjs.org/telemetry

   ▲ Next.js 16.0.0 (Turbopack)
   - Environments: .env

   Creating an optimized production build ...
 ✓ Compiled successfully in 7.2s
   Skipping validation of types
   Collecting page data ...
   Generating static pages (0/13) ...
   Generating static pages (3/13) 
   Generating static pages (6/13) 
   Generating static pages (9/13) 
 ✓ Generating static pages (13/13) in 1193.7ms
   Finalizing page optimization ...

Route (app)
┌ ○ /
├ ○ /_not-found
├ ○ /about
├ ○ /contact
├ ○ /projects
├ ○ /services/gipsarbeiten
├ ○ /services/malerarbeiten
├ ○ /services/maurerarbeiten
├ ○ /services/natursteinverlegung
├ ○ /services/plattenlegerarbeiten
├ ○ /services/sanitararbeiten
└ ○ /services/umbauten


○  (Static)  prerendered as static content

